<?xml version="1.0" encoding="UTF-8"?>
<robot generator="Robot 7.0.1 (Python 3.12.4 on win32)" generated="2025-03-11T14:35:02.335010" rpa="false" schemaversion="5">
<suite id="s1" name="Api Test usuario" source="c:\APITest\Tests\Api_Test_usuario.robot">
<test id="s1-t1" name="Cenario 1: Cadastrar Usuario na Serverest" line="8">
<kw name=" Criar um novo Usuario na Serverest" owner="Api_Test_usuario">
<kw name="Generate Random String" owner="String">
<msg time="2025-03-11T14:35:03.490250" level="INFO">${palavra_aleatoria} = tsst</msg>
<var>${palavra_aleatoria}</var>
<arg>length=4</arg>
<arg>chars=[Letters]</arg>
<doc>Generates a string with a desired ``length`` from the given ``chars``.</doc>
<status status="PASS" start="2025-03-11T14:35:03.490250" elapsed="0.000000"/>
</kw>
<kw name="Set Test Variable" owner="BuiltIn">
<msg time="2025-03-11T14:35:03.490250" level="INFO">${EMAIL_TESTE} = tsst@emailteste.com</msg>
<arg>${EMAIL_TESTE}</arg>
<arg>${palavra_aleatoria}@emailteste.com</arg>
<doc>Makes a variable available everywhere within the scope of the current test.</doc>
<status status="PASS" start="2025-03-11T14:35:03.490250" elapsed="0.000000"/>
</kw>
<kw name="Log To Console" owner="BuiltIn">
<arg>${EMAIL_TESTE}</arg>
<doc>Logs the given message to the console.</doc>
<status status="PASS" start="2025-03-11T14:35:03.490250" elapsed="0.010878"/>
</kw>
<status status="PASS" start="2025-03-11T14:35:03.490250" elapsed="0.010878"/>
</kw>
<kw name="Cadastrar o Usuario na Serverest" owner="Api_Test_usuario">
<kw name="Create Dictionary" owner="BuiltIn">
<msg time="2025-03-11T14:35:03.501128" level="INFO">${body} = {'nome': 'Fulano da Silva', 'email': 'tsst@emailteste.com', 'password': '1234', 'administrador': 'true'}</msg>
<var>${body}</var>
<arg>nome=Fulano da Silva</arg>
<arg>email=${email}</arg>
<arg>password=1234</arg>
<arg>administrador=true</arg>
<doc>Creates and returns a dictionary based on the given ``items``.</doc>
<status status="PASS" start="2025-03-11T14:35:03.501128" elapsed="0.000000"/>
</kw>
<kw name="Log To Console" owner="BuiltIn">
<arg>${body}</arg>
<doc>Logs the given message to the console.</doc>
<status status="PASS" start="2025-03-11T14:35:03.501128" elapsed="0.003940"/>
</kw>
<kw name="Criar sessao" owner="Api_Test_usuario">
<kw name="Create Dictionary" owner="BuiltIn">
<msg time="2025-03-11T14:35:03.505068" level="INFO">${headers} = {'accept': 'application/json', 'Content-Type': 'application/json'}</msg>
<var>${headers}</var>
<arg>accept=application/json</arg>
<arg>Content-Type=application/json</arg>
<doc>Creates and returns a dictionary based on the given ``items``.</doc>
<status status="PASS" start="2025-03-11T14:35:03.505068" elapsed="0.000000"/>
</kw>
<kw name="Create Session" owner="RequestsLibrary">
<msg time="2025-03-11T14:35:03.508981" level="INFO">Creating Session using : alias=ServeRest, url=https://serverest.dev, headers={'accept': 'application/json', 'Content-Type': 'application/json'},                     cookies={}, auth=None, timeout=None, proxies=None, verify=False,                     debug=0 </msg>
<arg>alias=ServeRest</arg>
<arg>url=https://serverest.dev</arg>
<arg>headers=${headers}</arg>
<doc>Create Session: create a HTTP session to a server</doc>
<status status="PASS" start="2025-03-11T14:35:03.507967" elapsed="0.001014"/>
</kw>
<status status="PASS" start="2025-03-11T14:35:03.505068" elapsed="0.003913"/>
</kw>
<kw name="POST On Session" owner="RequestsLibrary">
<msg time="2025-03-11T14:35:04.119995" level="INFO">POST Request : url=https://serverest.dev/usuarios 
 path_url=/usuarios 
 headers={'User-Agent': 'python-requests/2.32.3', 'Accept-Encoding': 'gzip, deflate', 'accept': 'application/json', 'Connection': 'keep-alive', 'Content-Type': 'application/json', 'Content-Length': '104'} 
 body=b'{"nome": "Fulano da Silva", "email": "tsst@emailteste.com", "password": "1234", "administrador": "true"}' 
 </msg>
<msg time="2025-03-11T14:35:04.119995" level="INFO">POST Response : url=https://serverest.dev/usuarios 
 status=201, reason=Created 
 headers={'access-control-allow-origin': '*', 'x-dns-prefetch-control': 'off', 'x-frame-options': 'SAMEORIGIN', 'strict-transport-security': 'max-age=15552000; includeSubDomains', 'x-download-options': 'noopen', 'x-content-type-options': 'nosniff', 'x-xss-protection': '1; mode=block', 'content-type': 'application/json; charset=utf-8', 'X-Cloud-Trace-Context': '48ced3b205d2eb709d076e7de3506962;o=1', 'Date': 'Tue, 11 Mar 2025 18:26:40 GMT', 'Server': 'Google Frontend', 'Content-Length': '82'} 
 body={
    "message": "Cadastro realizado com sucesso",
    "_id": "Xw4gcpkQOoyggXtn"
} 
 </msg>
<msg time="2025-03-11T14:35:04.119995" level="INFO">C:\Users\User\AppData\Local\Programs\Python\Python312\Lib\site-packages\urllib3\connectionpool.py:1103: InsecureRequestWarning: Unverified HTTPS request is being made to host 'serverest.dev'. Adding certificate verification is strongly advised. See: https://urllib3.readthedocs.io/en/latest/advanced-usage.html#tls-warnings
  warnings.warn(</msg>
<msg time="2025-03-11T14:35:04.119995" level="FAIL">Url: https://serverest.dev/usuarios Expected status: 201 != 400</msg>
<var>${resposta}</var>
<arg>alias=ServeRest</arg>
<arg>url=https://serverest.dev/usuarios</arg>
<arg>json=${body}</arg>
<arg>expected_status=${status_code_desejado}</arg>
<doc>Sends a POST request on a previously created HTTP Session.</doc>
<status status="FAIL" start="2025-03-11T14:35:03.510021" elapsed="0.609974">Url: https://serverest.dev/usuarios Expected status: 201 != 400</status>
</kw>
<kw name="Log To Console" owner="BuiltIn">
<arg>${resposta.json()}</arg>
<doc>Logs the given message to the console.</doc>
<status status="NOT RUN" start="2025-03-11T14:35:04.119995" elapsed="0.000000"/>
</kw>
<kw name="Set Test Variable" owner="BuiltIn">
<arg>${RESPOSTA}</arg>
<arg>${resposta.json()}</arg>
<doc>Makes a variable available everywhere within the scope of the current test.</doc>
<status status="NOT RUN" start="2025-03-11T14:35:04.119995" elapsed="0.000000"/>
</kw>
<arg>email=${EMAIL_TESTE}</arg>
<arg>status_code_desejado=400</arg>
<status status="FAIL" start="2025-03-11T14:35:03.501128" elapsed="0.618867">Url: https://serverest.dev/usuarios Expected status: 201 != 400</status>
</kw>
<kw name="Conferir se o Usuario foi Cadastrado corretamente" owner="Api_Test_usuario">
<status status="NOT RUN" start="2025-03-11T14:35:04.119995" elapsed="0.000000"/>
</kw>
<status status="FAIL" start="2025-03-11T14:35:03.490250" elapsed="0.642067">Url: https://serverest.dev/usuarios Expected status: 201 != 400</status>
</test>
<status status="FAIL" start="2025-03-11T14:35:02.335010" elapsed="1.800221"/>
</suite>
<statistics>
<total>
<stat pass="0" fail="1" skip="0">All Tests</stat>
</total>
<tag>
</tag>
<suite>
<stat pass="0" fail="1" skip="0" id="s1" name="Api Test usuario">Api Test usuario</stat>
</suite>
</statistics>
<errors>
</errors>
</robot>
